<?xml version="1.0" encoding="UTF-8"?>
<!-- Generated by org.testng.reporters.JUnitXMLReporter -->
<testsuite ignored="0" hostname="Balaji" failures="0" tests="9" name="Login UI Test 1" time="64.747" errors="0" timestamp="2022-07-02T10:48:23 IST">
  <testcase classname="com.staragile.test.LoginUITest" name="validateAppDescription" time="0.06"/>
  <testcase classname="com.staragile.test.LoginUITest" name="validateTitleTest" time="0.011"/>
  <testcase classname="com.staragile.test.LoginTest" name="invalidCredentialTest" time="1.997"/>
  <testcase classname="com.staragile.test.LoginTest" name="invalidCredentialTest" time="1.981"/>
  <testcase classname="com.staragile.test.LoginTest" name="validCredentialTest" time="4.984"/>
  <testcase classname="com.staragile.test.LoginTest" name="validCredentialTest" time="4.93"/>
  <testcase classname="com.staragile.test.LoginTest" name="validCredentialTest" time="4.855"/>
  <testcase classname="com.staragile.test.PatientTest" name="addPatientTest" time="0.002"/>
  <testcase classname="com.staragile.test.PatientTest" name="addPatientTest" time="0.001"/>
</testsuite> <!-- Login UI Test 1 -->
