<?xml version="1.0" encoding="UTF-8"?>
<!-- Generated by org.testng.reporters.JUnitXMLReporter -->
<testsuite ignored="1" hostname="Balaji" failures="0" tests="1" name="Default test" time="9.359" errors="0" timestamp="2022-07-02T10:29:25 IST">
  <testcase classname="com.staragile.test.LoginUITest" name="validateTitleTest" time="0.046"/>
  <testcase classname="com.staragile.test.LoginUITest" name="validateAppDescription" time="0.0">
    <ignored/>
  </testcase> <!-- validateAppDescription -->
</testsuite> <!-- Default test -->
